[0.025s] Invoking command in '/home/fedelopre/Downloads/real-proj/cpp_proj/build/move_package': CMAKE_PREFIX_PATH=${CMAKE_PREFIX_PATH}:/opt/ros/jazzy DEBUGINFOD_URLS=https://debuginfod.ubuntu.com /usr/bin/cmake --build /home/fedelopre/Downloads/real-proj/cpp_proj/build/move_package -- -j3 -l3
[0.098s] -- Found ament_cmake: 2.5.4 (/opt/ros/jazzy/share/ament_cmake/cmake)
[0.660s] -- Found rclcpp: 28.1.9 (/opt/ros/jazzy/share/rclcpp/cmake)
[0.751s] -- Found rosidl_generator_c: 4.6.5 (/opt/ros/jazzy/share/rosidl_generator_c/cmake)
[0.787s] -- Found rosidl_generator_cpp: 4.6.5 (/opt/ros/jazzy/share/rosidl_generator_cpp/cmake)
[0.832s] -- Using all available rosidl_typesupport_c: rosidl_typesupport_fastrtps_c;rosidl_typesupport_introspection_c
[0.882s] -- Using all available rosidl_typesupport_cpp: rosidl_typesupport_fastrtps_cpp;rosidl_typesupport_introspection_cpp
[1.130s] -- Found rmw_implementation_cmake: 7.3.2 (/opt/ros/jazzy/share/rmw_implementation_cmake/cmake)
[1.136s] -- Found rmw_fastrtps_cpp: 8.4.2 (/opt/ros/jazzy/share/rmw_fastrtps_cpp/cmake)
[1.349s] -- Using RMW implementation 'rmw_fastrtps_cpp' as default
[1.602s] -- Found ament_lint_auto: 0.17.2 (/opt/ros/jazzy/share/ament_lint_auto/cmake)
[1.875s] -- Added test 'cppcheck' to perform static code analysis on C / C++ code
[1.876s] -- Configured cppcheck include dirs: 
[1.877s] -- Configured cppcheck exclude dirs and/or files: 
[1.877s] -- Added test 'flake8' to check Python code syntax and style conventions
[1.877s] -- Configured 'flake8' exclude dirs and/or files: 
[1.880s] -- Added test 'lint_cmake' to check CMake code style
[1.880s] -- Added test 'pep257' to check Python code against some of the docstring style conventions in PEP 257
[1.881s] -- Added test 'uncrustify' to check C / C++ code style
[1.882s] -- Configured uncrustify additional arguments: 
[1.883s] -- Added test 'xmllint' to check XML markup files
[1.885s] -- Configuring done (1.8s)
[1.916s] -- Generating done (0.0s)
[1.930s] -- Build files have been written to: /home/fedelopre/Downloads/real-proj/cpp_proj/build/move_package
[2.022s] [ 50%] [32mBuilding CXX object CMakeFiles/sistemaoperativo.dir/src/sistemaoperativo.cpp.o[0m
[7.110s] [01m[K/home/fedelopre/Downloads/real-proj/cpp_proj/src/move_package/src/sistemaoperativo.cpp:6:23:[m[K [01;31m[Kerror: [m[Kâ€˜[01m[Kstd_msgs[m[Kâ€™ was not declared in this scope
[7.110s]     6 |     rclcpp::Publisher<[01;31m[Kstd_msgs[m[K::msg::String>::SharedPtr publisher_;
[7.110s]       |                       [01;31m[K^~~~~~~~[m[K
[7.110s] [01m[K/home/fedelopre/Downloads/real-proj/cpp_proj/src/move_package/src/sistemaoperativo.cpp:6:44:[m[K [01;31m[Kerror: [m[Ktemplate argument 1 is invalid
[7.111s]     6 |     rclcpp::Publisher<std_msgs::msg::String[01;31m[K>[m[K::SharedPtr publisher_;
[7.111s]       |                                            [01;31m[K^[m[K
[7.112s] [01m[K/home/fedelopre/Downloads/real-proj/cpp_proj/src/move_package/src/sistemaoperativo.cpp:6:47:[m[K [01;31m[Kerror: [m[Kexpected â€˜[01m[K;[m[Kâ€™ at end of member declaration
[7.112s]     6 |     rclcpp::Publisher<std_msgs::msg::String>::[01;31m[KSharedPtr[m[K publisher_;
[7.113s]       |                                               [01;31m[K^~~~~~~~~[m[K
[7.113s]       |                                                        [32m[K;[m[K
[7.116s] [01m[K/home/fedelopre/Downloads/real-proj/cpp_proj/src/move_package/src/sistemaoperativo.cpp:6:57:[m[K [01;31m[Kerror: [m[Kâ€˜[01m[Kpublisher_[m[Kâ€™ does not name a type; did you mean â€˜[01m[Krmw_publisher_t[m[Kâ€™?
[7.116s]     6 |     rclcpp::Publisher<std_msgs::msg::String>::SharedPtr [01;31m[Kpublisher_[m[K;
[7.116s]       |                                                         [01;31m[K^~~~~~~~~~[m[K
[7.116s]       |                                                         [32m[Krmw_publisher_t[m[K
[7.116s] [01m[K/home/fedelopre/Downloads/real-proj/cpp_proj/src/move_package/src/sistemaoperativo.cpp:[m[K In constructor â€˜[01m[KMinimalPublisher::[01;32m[KMinimalPublisher[m[K()[m[Kâ€™:
[7.117s] [01m[K/home/fedelopre/Downloads/real-proj/cpp_proj/src/move_package/src/sistemaoperativo.cpp:8:56:[m[K [01;31m[Kerror: [m[Kclass â€˜[01m[KMinimalPublisher[m[Kâ€™ does not have any field named â€˜[01m[Kcount_[m[Kâ€™
[7.117s]     8 |         MinimalPublisher() : Node("sistemaoperativo"), [01;31m[Kcount_[m[K(0) {
[7.117s]       |                                                        [01;31m[K^~~~~~[m[K
[7.131s] [01m[K/home/fedelopre/Downloads/real-proj/cpp_proj/src/move_package/src/sistemaoperativo.cpp:9:9:[m[K [01;31m[Kerror: [m[Kâ€˜[01m[Kpublisher_[m[Kâ€™ was not declared in this scope; did you mean â€˜[01m[Krmw_publisher_t[m[Kâ€™?
[7.131s]     9 |         [01;31m[Kpublisher_[m[K = this->create_publisher<std_msgs::msg::String>("position", 10);
[7.132s]       |         [01;31m[K^~~~~~~~~~[m[K
[7.132s]       |         [32m[Krmw_publisher_t[m[K
[7.145s] [01m[K/home/fedelopre/Downloads/real-proj/cpp_proj/src/move_package/src/sistemaoperativo.cpp:9:45:[m[K [01;31m[Kerror: [m[Kâ€˜[01m[Kstd_msgs[m[Kâ€™ was not declared in this scope
[7.145s]     9 |         publisher_ = this->create_publisher<[01;31m[Kstd_msgs[m[K::msg::String>("position", 10);
[7.146s]       |                                             [01;31m[K^~~~~~~~[m[K
[7.146s] [01m[K/home/fedelopre/Downloads/real-proj/cpp_proj/src/move_package/src/sistemaoperativo.cpp:9:28:[m[K [01;31m[Kerror: [m[Kparse error in template argument list
[7.146s]     9 |         publisher_ = this->[01;31m[Kcreate_publisher<std_msgs::msg::String>[m[K("position", 10);
[7.146s]       |                            [01;31m[K^~~~~~~~~~~~~~~~~~~~~~~~~~~~~~~~~~~~~~~[m[K
[7.147s] [01m[K/home/fedelopre/Downloads/real-proj/cpp_proj/src/move_package/src/sistemaoperativo.cpp:9:67:[m[K [01;31m[Kerror: [m[Kno matching function for call to â€˜[01m[KMinimalPublisher::create_publisher<<expression error> >(const char [9], int)[m[Kâ€™
[7.147s]     9 |         publisher_ = [01;31m[Kthis->create_publisher<std_msgs::msg::String>("position", 10)[m[K;
[7.147s]       |                      [01;31m[K~~~~~~~~~~~~~~~~~~~~~~~~~~~~~~~~~~~~~~~~~~~~~^~~~~~~~~~~~~~~~[m[K
[7.147s] In file included from [01m[K/opt/ros/jazzy/include/rclcpp/rclcpp/executors/single_threaded_executor.hpp:28[m[K,
[7.148s]                  from [01m[K/opt/ros/jazzy/include/rclcpp/rclcpp/executors.hpp:22[m[K,
[7.148s]                  from [01m[K/opt/ros/jazzy/include/rclcpp/rclcpp/rclcpp.hpp:172[m[K,
[7.148s]                  from [01m[K/home/fedelopre/Downloads/real-proj/cpp_proj/src/move_package/src/sistemaoperativo.cpp:1[m[K:
[7.148s] [01m[K/opt/ros/jazzy/include/rclcpp/rclcpp/node.hpp:197:3:[m[K [01;36m[Knote: [m[Kcandidate: â€˜[01m[Ktemplate<class MessageT, class AllocatorT, class PublisherT> std::shared_ptr<PublisherT> rclcpp::Node::[01;32m[Kcreate_publisher[m[K(const std::string&, const rclcpp::QoS&, const rclcpp::PublisherOptionsWithAllocator<AllocatorT>&)[m[Kâ€™
[7.148s]   197 |   [01;36m[Kcreate_publisher[m[K(
[7.148s]       |   [01;36m[K^~~~~~~~~~~~~~~~[m[K
[7.148s] [01m[K/opt/ros/jazzy/include/rclcpp/rclcpp/node.hpp:197:3:[m[K [01;36m[Knote: [m[K  template argument deduction/substitution failed:
[7.148s] [01m[K/home/fedelopre/Downloads/real-proj/cpp_proj/src/move_package/src/sistemaoperativo.cpp:9:67:[m[K [01;31m[Kerror: [m[Ktemplate argument 1 is invalid
[7.148s]     9 |         publisher_ = [01;31m[Kthis->create_publisher<std_msgs::msg::String>("position", 10)[m[K;
[7.149s]       |                      [01;31m[K~~~~~~~~~~~~~~~~~~~~~~~~~~~~~~~~~~~~~~~~~~~~~^~~~~~~~~~~~~~~~[m[K
[7.149s] [01m[K/home/fedelopre/Downloads/real-proj/cpp_proj/src/move_package/src/sistemaoperativo.cpp:11:9:[m[K [01;31m[Kerror: [m[Kunable to find numeric literal operator â€˜[01m[Koperator""ms[m[Kâ€™
[7.149s]    11 |         [01;31m[K500ms[m[K, std::bind(&MinimalPublisher::timer_callback, this));
[7.149s]       |         [01;31m[K^~~~~[m[K
[7.156s] [01m[K/home/fedelopre/Downloads/real-proj/cpp_proj/src/move_package/src/sistemaoperativo.cpp:[m[K In member function â€˜[01m[Kvoid MinimalPublisher::[01;32m[Ktimer_callback[m[K()[m[Kâ€™:
[7.156s] [01m[K/home/fedelopre/Downloads/real-proj/cpp_proj/src/move_package/src/sistemaoperativo.cpp:15:24:[m[K [01;31m[Kerror: [m[Kâ€˜[01m[Kstd_msgs[m[Kâ€™ has not been declared
[7.156s]    15 |         auto message = [01;31m[Kstd_msgs[m[K::msg::String();
[7.156s]       |                        [01;31m[K^~~~~~~~[m[K
[7.168s] [01m[K/home/fedelopre/Downloads/real-proj/cpp_proj/src/move_package/src/sistemaoperativo.cpp:16:69:[m[K [01;31m[Kerror: [m[Kâ€˜[01m[Kcount_[m[Kâ€™ was not declared in this scope
[7.168s]    16 |         message.data = "Position [0.0, 0.0, 0.0] " + std::to_string([01;31m[Kcount_[m[K++);
[7.168s]       |                                                                     [01;31m[K^~~~~~[m[K
[7.185s] [01m[K/home/fedelopre/Downloads/real-proj/cpp_proj/src/move_package/src/sistemaoperativo.cpp:18:9:[m[K [01;31m[Kerror: [m[Kâ€˜[01m[Kpublisher_[m[Kâ€™ was not declared in this scope; did you mean â€˜[01m[Krmw_publisher_t[m[Kâ€™?
[7.185s]    18 |         [01;31m[Kpublisher_[m[K->publish(message);
[7.187s]       |         [01;31m[K^~~~~~~~~~[m[K
[7.187s]       |         [32m[Krmw_publisher_t[m[K
[7.187s] [01m[K/home/fedelopre/Downloads/real-proj/cpp_proj/src/move_package/src/sistemaoperativo.cpp:[m[K In function â€˜[01m[Kint[01;32m[K main[m[K(int, char**)[m[Kâ€™:
[7.188s] [01m[K/home/fedelopre/Downloads/real-proj/cpp_proj/src/move_package/src/sistemaoperativo.cpp:29:53:[m[K [01;31m[Kerror: [m[Kexpected parameter pack before â€˜[01m[K...[m[Kâ€™
[7.188s]    29 |     rclcpp::Node::SharedPtr node = std::make_shared<[01;31m[K...[m[K>()
[7.189s]       |                                                     [01;31m[K^~~[m[K
[7.189s] [01m[K/home/fedelopre/Downloads/real-proj/cpp_proj/src/move_package/src/sistemaoperativo.cpp:29:41:[m[K [01;31m[Kerror: [m[Kparse error in template argument list
[7.189s]    29 |     rclcpp::Node::SharedPtr node = std::[01;31m[Kmake_shared<...>[m[K()
[7.189s]       |                                         [01;31m[K^~~~~~~~~~~~~~~~[m[K
[7.190s] [01m[K/home/fedelopre/Downloads/real-proj/cpp_proj/src/move_package/src/sistemaoperativo.cpp:29:57:[m[K [01;31m[Kerror: [m[Kno matching function for call to â€˜[01m[Kmake_shared<<expression error> >()[m[Kâ€™
[7.190s]    29 |     rclcpp::Node::SharedPtr node = [01;31m[Kstd::make_shared<...>()[m[K
[7.190s]       |                                    [01;31m[K~~~~~~~~~~~~~~~~~~~~~^~[m[K
[7.191s] In file included from [01m[K/usr/include/c++/13/memory:80[m[K,
[7.191s]                  from [01m[K/opt/ros/jazzy/include/rclcpp/rclcpp/rclcpp.hpp:169[m[K:
[7.192s] [01m[K/usr/include/c++/13/bits/shared_ptr.h:1005:5:[m[K [01;36m[Knote: [m[Kcandidate: â€˜[01m[Ktemplate<class _Tp, class ... _Args> std::shared_ptr<typename std::enable_if<(! std::is_array< <template-parameter-1-1> >::value), _Tp>::type> std::[01;32m[Kmake_shared[m[K(_Args&& ...)[m[Kâ€™
[7.192s]  1005 |     [01;36m[Kmake_shared[m[K(_Args&&... __args)
[7.192s]       |     [01;36m[K^~~~~~~~~~~[m[K
[7.193s] [01m[K/usr/include/c++/13/bits/shared_ptr.h:1005:5:[m[K [01;36m[Knote: [m[K  template argument deduction/substitution failed:
[7.193s] [01m[K/home/fedelopre/Downloads/real-proj/cpp_proj/src/move_package/src/sistemaoperativo.cpp:29:57:[m[K [01;31m[Kerror: [m[Ktemplate argument 1 is invalid
[7.193s]    29 |     rclcpp::Node::SharedPtr node = [01;31m[Kstd::make_shared<...>()[m[K
[7.193s]       |                                    [01;31m[K~~~~~~~~~~~~~~~~~~~~~^~[m[K
[8.464s] gmake[2]: *** [CMakeFiles/sistemaoperativo.dir/build.make:76: CMakeFiles/sistemaoperativo.dir/src/sistemaoperativo.cpp.o] Error 1
[8.465s] gmake[1]: *** [CMakeFiles/Makefile2:137: CMakeFiles/sistemaoperativo.dir/all] Error 2
[8.466s] gmake: *** [Makefile:146: all] Error 2
[8.470s] Invoked command in '/home/fedelopre/Downloads/real-proj/cpp_proj/build/move_package' returned '2': CMAKE_PREFIX_PATH=${CMAKE_PREFIX_PATH}:/opt/ros/jazzy DEBUGINFOD_URLS=https://debuginfod.ubuntu.com /usr/bin/cmake --build /home/fedelopre/Downloads/real-proj/cpp_proj/build/move_package -- -j3 -l3
