[ 50%] [32mBuilding CXX object CMakeFiles/sistemaoperativo.dir/src/sistemaoperativo.cpp.o[0m
[01m[K/home/fedelopre/Downloads/real-proj/cpp_proj/src/move_package/src/sistemaoperativo.cpp:[m[K In constructor â€˜[01m[KMinimalPublisher::[01;32m[KMinimalPublisher[m[K()[m[Kâ€™:
[01m[K/home/fedelopre/Downloads/real-proj/cpp_proj/src/move_package/src/sistemaoperativo.cpp:12:56:[m[K [01;31m[Kerror: [m[Kclass â€˜[01m[KMinimalPublisher[m[Kâ€™ does not have any field named â€˜[01m[Kcount_[m[Kâ€™
   12 |         MinimalPublisher() : Node("sistemaoperativo"), [01;31m[Kcount_[m[K(0) {
      |                                                        [01;31m[K^~~~~~[m[K
[01m[K/home/fedelopre/Downloads/real-proj/cpp_proj/src/move_package/src/sistemaoperativo.cpp:[m[K In member function â€˜[01m[Kvoid MinimalPublisher::[01;32m[Ktimer_callback[m[K()[m[Kâ€™:
[01m[K/home/fedelopre/Downloads/real-proj/cpp_proj/src/move_package/src/sistemaoperativo.cpp:20:69:[m[K [01;31m[Kerror: [m[Kâ€˜[01m[Kcount_[m[Kâ€™ was not declared in this scope
   20 |         message.data = "Position [0.0, 0.0, 0.0] " + std::to_string([01;31m[Kcount_[m[K++);
      |                                                                     [01;31m[K^~~~~~[m[K
gmake[2]: *** [CMakeFiles/sistemaoperativo.dir/build.make:76: CMakeFiles/sistemaoperativo.dir/src/sistemaoperativo.cpp.o] Error 1
gmake[1]: *** [CMakeFiles/Makefile2:137: CMakeFiles/sistemaoperativo.dir/all] Error 2
gmake: *** [Makefile:146: all] Error 2
